# JRE version: OpenJDK Runtime Environment (21.0.8) (build 21.0.8+-14018985-b1038.68)
# Java VM: OpenJDK 64-Bit Server VM (21.0.8+-14018985-b1038.68, mixed mode, tiered, compressed oops, compressed class ptrs, g1 gc, windows-amd64)
GC Precious Log:
 CardTable entry size: 512
 Card Set container configuration: InlinePtr #cards 5 size 8 Array Of Cards #cards 12 size 40 Howl #buckets 4 coarsen threshold 1843 Howl Bitmap #cards 512 size 80 coarsen threshold 460 Card regions per heap region 1 cards per card region 2048
 CPUs: 8 total, 8 available
 Memory: 7934M
 Large Page Support: Disabled
 NUMA Support: Disabled
 Compressed Oops: Enabled (32-bit)
 Heap Region Size: 1M
 Heap Min Capacity: 8M
 Heap Initial Capacity: 124M
 Heap Max Capacity: 2G
 Pre-touch: Disabled
 Parallel Workers: 8
 Concurrent Workers: 2
 Concurrent Refinement Workers: 8
 Periodic GC: Disabled
Heap:
 garbage-first heap   total 254976K, used 189960K [0x0000000080000000, 0x0000000100000000)
  region size 1024K, 26 young (26624K), 8 survivors (8192K)
 Metaspace       used 114286K, committed 116544K, reserved 1179648K
  class space    used 15847K, committed 16896K, reserved 1048576K
GC Heap History (20 events):
Event: 9.313 GC heap before
{Heap before GC invocations=22 (full 0):
 garbage-first heap   total 162816K, used 147409K [0x0000000080000000, 0x0000000100000000)
  region size 1024K, 53 young (54272K), 5 survivors (5120K)
 Metaspace       used 74296K, committed 76032K, reserved 1114112K
  class space    used 10547K, committed 11392K, reserved 1048576K
}
Event: 9.324 GC heap after
{Heap after GC invocations=23 (full 0):
 garbage-first heap   total 162816K, used 101574K [0x0000000080000000, 0x0000000100000000)
  region size 1024K, 7 young (7168K), 7 survivors (7168K)
 Metaspace       used 74296K, committed 76032K, reserved 1114112K
  class space    used 10547K, committed 11392K, reserved 1048576K
}
Event: 9.689 GC heap before
{Heap before GC invocations=23 (full 0):
 garbage-first heap   total 162816K, used 144582K [0x0000000080000000, 0x0000000100000000)
  region size 1024K, 50 young (51200K), 7 survivors (7168K)
 Metaspace       used 74673K, committed 76480K, reserved 1179648K
  class space    used 10549K, committed 11392K, reserved 1048576K
}
Event: 9.700 GC heap after
{Heap after GC invocations=24 (full 0):
 garbage-first heap   total 162816K, used 105797K [0x0000000080000000, 0x0000000100000000)
  region size 1024K, 5 young (5120K), 5 survivors (5120K)
 Metaspace       used 74673K, committed 76480K, reserved 1179648K
  class space    used 10549K, committed 11392K, reserved 1048576K
}
Event: 9.897 GC heap before
{Heap before GC invocations=25 (full 0):
 garbage-first heap   total 179200K, used 144709K [0x0000000080000000, 0x0000000100000000)
  region size 1024K, 44 young (45056K), 5 survivors (5120K)
 Metaspace       used 74838K, committed 76672K, reserved 1179648K
  class space    used 10549K, committed 11392K, reserved 1048576K
}
Event: 9.902 GC heap after
{Heap after GC invocations=26 (full 0):
 garbage-first heap   total 179200K, used 107199K [0x0000000080000000, 0x0000000100000000)
  region size 1024K, 4 young (4096K), 4 survivors (4096K)
 Metaspace       used 74838K, committed 76672K, reserved 1179648K
  class space    used 10549K, committed 11392K, reserved 1048576K
}
Event: 10.075 GC heap before
{Heap before GC invocations=26 (full 0):
 garbage-first heap   total 179200K, used 162495K [0x0000000080000000, 0x0000000100000000)
  region size 1024K, 59 young (60416K), 4 survivors (4096K)
 Metaspace       used 74852K, committed 76672K, reserved 1179648K
  class space    used 10549K, committed 11392K, reserved 1048576K
}
Event: 10.081 GC heap after
{Heap after GC invocations=27 (full 0):
 garbage-first heap   total 226304K, used 108202K [0x0000000080000000, 0x0000000100000000)
  region size 1024K, 5 young (5120K), 5 survivors (5120K)
 Metaspace       used 74852K, committed 76672K, reserved 1179648K
  class space    used 10549K, committed 11392K, reserved 1048576K
}
Event: 11.307 GC heap before
{Heap before GC invocations=27 (full 0):
 garbage-first heap   total 226304K, used 206506K [0x0000000080000000, 0x0000000100000000)
  region size 1024K, 101 young (103424K), 5 survivors (5120K)
 Metaspace       used 89559K, committed 91520K, reserved 1179648K
  class space    used 12883K, committed 13824K, reserved 1048576K
}
Event: 11.316 GC heap after
{Heap after GC invocations=28 (full 0):
 garbage-first heap   total 226304K, used 110801K [0x0000000080000000, 0x0000000100000000)
  region size 1024K, 8 young (8192K), 8 survivors (8192K)
 Metaspace       used 89559K, committed 91520K, reserved 1179648K
  class space    used 12883K, committed 13824K, reserved 1048576K
}
Event: 11.885 GC heap before
{Heap before GC invocations=28 (full 0):
 garbage-first heap   total 226304K, used 221393K [0x0000000080000000, 0x0000000100000000)
  region size 1024K, 100 young (102400K), 8 survivors (8192K)
 Metaspace       used 92006K, committed 93952K, reserved 1179648K
  class space    used 13158K, committed 14080K, reserved 1048576K
}
Event: 11.919 GC heap after
{Heap after GC invocations=29 (full 0):
 garbage-first heap   total 254976K, used 136761K [0x0000000080000000, 0x0000000100000000)
  region size 1024K, 13 young (13312K), 13 survivors (13312K)
 Metaspace       used 92006K, committed 93952K, reserved 1179648K
  class space    used 13158K, committed 14080K, reserved 1048576K
}
Event: 11.957 GC heap before
{Heap before GC invocations=29 (full 0):
 garbage-first heap   total 254976K, used 148025K [0x0000000080000000, 0x0000000100000000)
  region size 1024K, 25 young (25600K), 13 survivors (13312K)
 Metaspace       used 92046K, committed 93952K, reserved 1179648K
  class space    used 13167K, committed 14080K, reserved 1048576K
}
Event: 11.971 GC heap after
{Heap after GC invocations=30 (full 0):
 garbage-first heap   total 254976K, used 142542K [0x0000000080000000, 0x0000000100000000)
  region size 1024K, 5 young (5120K), 5 survivors (5120K)
 Metaspace       used 92046K, committed 93952K, reserved 1179648K
  class space    used 13167K, committed 14080K, reserved 1048576K
}
Event: 12.721 GC heap before
{Heap before GC invocations=31 (full 0):
 garbage-first heap   total 254976K, used 231630K [0x0000000080000000, 0x0000000100000000)
  region size 1024K, 77 young (78848K), 5 survivors (5120K)
 Metaspace       used 98448K, committed 100352K, reserved 1179648K
  class space    used 13925K, committed 14848K, reserved 1048576K
}
Event: 12.731 GC heap after
{Heap after GC invocations=32 (full 0):
 garbage-first heap   total 254976K, used 164789K [0x0000000080000000, 0x0000000100000000)
  region size 1024K, 10 young (10240K), 10 survivors (10240K)
 Metaspace       used 98448K, committed 100352K, reserved 1179648K
  class space    used 13925K, committed 14848K, reserved 1048576K
}
Event: 13.354 GC heap before
{Heap before GC invocations=32 (full 0):
 garbage-first heap   total 254976K, used 226229K [0x0000000080000000, 0x0000000100000000)
  region size 1024K, 70 young (71680K), 10 survivors (10240K)
 Metaspace       used 106078K, committed 108288K, reserved 1179648K
  class space    used 14812K, committed 15872K, reserved 1048576K
}
Event: 13.368 GC heap after
{Heap after GC invocations=33 (full 0):
 garbage-first heap   total 254976K, used 168121K [0x0000000080000000, 0x0000000100000000)
  region size 1024K, 4 young (4096K), 4 survivors (4096K)
 Metaspace       used 106078K, committed 108288K, reserved 1179648K
  class space    used 14812K, committed 15872K, reserved 1048576K
}
Event: 14.119 GC heap before
{Heap before GC invocations=33 (full 0):
 garbage-first heap   total 254976K, used 229561K [0x0000000080000000, 0x0000000100000000)
  region size 1024K, 64 young (65536K), 4 survivors (4096K)
 Metaspace       used 114146K, committed 116416K, reserved 1179648K
  class space    used 15845K, committed 16896K, reserved 1048576K
}
Event: 14.129 GC heap after
{Heap after GC invocations=34 (full 0):
 garbage-first heap   total 254976K, used 171528K [0x0000000080000000, 0x0000000100000000)
  region size 1024K, 8 young (8192K), 8 survivors (8192K)
 Metaspace       used 114146K, committed 116416K, reserved 1179648K
  class space    used 15845K, committed 16896K, reserved 1048576K
}

