# JRE version: OpenJDK Runtime Environment (21.0.8) (build 21.0.8+-14018985-b1038.68)
# Java VM: OpenJDK 64-Bit Server VM (21.0.8+-14018985-b1038.68, mixed mode, tiered, compressed oops, compressed class ptrs, g1 gc, windows-amd64)
GC Precious Log:
 CardTable entry size: 512
 Card Set container configuration: InlinePtr #cards 5 size 8 Array Of Cards #cards 12 size 40 Howl #buckets 4 coarsen threshold 1843 Howl Bitmap #cards 512 size 80 coarsen threshold 460 Card regions per heap region 1 cards per card region 2048
 CPUs: 8 total, 8 available
 Memory: 7934M
 Large Page Support: Disabled
 NUMA Support: Disabled
 Compressed Oops: Enabled (32-bit)
 Heap Region Size: 1M
 Heap Min Capacity: 8M
 Heap Initial Capacity: 124M
 Heap Max Capacity: 2G
 Pre-touch: Disabled
 Parallel Workers: 8
 Concurrent Workers: 2
 Concurrent Refinement Workers: 8
 Periodic GC: Disabled
Heap:
 garbage-first heap   total 360448K, used 262887K [0x0000000080000000, 0x0000000100000000)
  region size 1024K, 61 young (62464K), 14 survivors (14336K)
 Metaspace       used 159711K, committed 162240K, reserved 1245184K
  class space    used 21109K, committed 22336K, reserved 1048576K
GC Heap History (20 events):
Event: 19.677 GC heap before
{Heap before GC invocations=37 (full 0):
 garbage-first heap   total 251904K, used 227089K [0x0000000080000000, 0x0000000100000000)
  region size 1024K, 89 young (91136K), 4 survivors (4096K)
 Metaspace       used 137139K, committed 139392K, reserved 1179648K
  class space    used 18209K, committed 19264K, reserved 1048576K
}
Event: 19.687 GC heap after
{Heap after GC invocations=38 (full 0):
 garbage-first heap   total 251904K, used 149720K [0x0000000080000000, 0x0000000100000000)
  region size 1024K, 12 young (12288K), 12 survivors (12288K)
 Metaspace       used 137139K, committed 139392K, reserved 1179648K
  class space    used 18209K, committed 19264K, reserved 1048576K
}
Event: 20.041 GC heap before
{Heap before GC invocations=38 (full 0):
 garbage-first heap   total 251904K, used 224472K [0x0000000080000000, 0x0000000100000000)
  region size 1024K, 86 young (88064K), 12 survivors (12288K)
 Metaspace       used 137452K, committed 139648K, reserved 1179648K
  class space    used 18209K, committed 19264K, reserved 1048576K
}
Event: 20.055 GC heap after
{Heap after GC invocations=39 (full 0):
 garbage-first heap   total 251904K, used 150315K [0x0000000080000000, 0x0000000100000000)
  region size 1024K, 5 young (5120K), 5 survivors (5120K)
 Metaspace       used 137452K, committed 139648K, reserved 1179648K
  class space    used 18209K, committed 19264K, reserved 1048576K
}
Event: 20.371 GC heap before
{Heap before GC invocations=39 (full 0):
 garbage-first heap   total 251904K, used 205611K [0x0000000080000000, 0x0000000100000000)
  region size 1024K, 60 young (61440K), 5 survivors (5120K)
 Metaspace       used 137815K, committed 140032K, reserved 1179648K
  class space    used 18262K, committed 19328K, reserved 1048576K
}
Event: 20.378 GC heap after
{Heap after GC invocations=40 (full 0):
 garbage-first heap   total 251904K, used 152040K [0x0000000080000000, 0x0000000100000000)
  region size 1024K, 7 young (7168K), 7 survivors (7168K)
 Metaspace       used 137815K, committed 140032K, reserved 1179648K
  class space    used 18262K, committed 19328K, reserved 1048576K
}
Event: 20.828 GC heap before
{Heap before GC invocations=41 (full 0):
 garbage-first heap   total 263168K, used 245224K [0x0000000080000000, 0x0000000100000000)
  region size 1024K, 82 young (83968K), 7 survivors (7168K)
 Metaspace       used 137870K, committed 140096K, reserved 1179648K
  class space    used 18262K, committed 19328K, reserved 1048576K
}
Event: 20.850 GC heap after
{Heap after GC invocations=42 (full 0):
 garbage-first heap   total 273408K, used 179489K [0x0000000080000000, 0x0000000100000000)
  region size 1024K, 11 young (11264K), 11 survivors (11264K)
 Metaspace       used 137870K, committed 140096K, reserved 1179648K
  class space    used 18262K, committed 19328K, reserved 1048576K
}
Event: 21.455 GC heap before
{Heap before GC invocations=42 (full 0):
 garbage-first heap   total 273408K, used 247073K [0x0000000080000000, 0x0000000100000000)
  region size 1024K, 75 young (76800K), 11 survivors (11264K)
 Metaspace       used 138306K, committed 140544K, reserved 1179648K
  class space    used 18277K, committed 19328K, reserved 1048576K
}
Event: 21.472 GC heap after
{Heap after GC invocations=43 (full 0):
 garbage-first heap   total 273408K, used 185473K [0x0000000080000000, 0x0000000100000000)
  region size 1024K, 9 young (9216K), 9 survivors (9216K)
 Metaspace       used 138306K, committed 140544K, reserved 1179648K
  class space    used 18277K, committed 19328K, reserved 1048576K
}
Event: 21.667 GC heap before
{Heap before GC invocations=43 (full 0):
 garbage-first heap   total 273408K, used 188545K [0x0000000080000000, 0x0000000100000000)
  region size 1024K, 13 young (13312K), 9 survivors (9216K)
 Metaspace       used 138454K, committed 140736K, reserved 1179648K
  class space    used 18283K, committed 19392K, reserved 1048576K
}
Event: 21.673 GC heap after
{Heap after GC invocations=44 (full 0):
 garbage-first heap   total 344064K, used 187221K [0x0000000080000000, 0x0000000100000000)
  region size 1024K, 2 young (2048K), 2 survivors (2048K)
 Metaspace       used 138454K, committed 140736K, reserved 1179648K
  class space    used 18283K, committed 19392K, reserved 1048576K
}
Event: 21.702 GC heap before
{Heap before GC invocations=44 (full 0):
 garbage-first heap   total 344064K, used 190293K [0x0000000080000000, 0x0000000100000000)
  region size 1024K, 4 young (4096K), 2 survivors (2048K)
 Metaspace       used 138482K, committed 140800K, reserved 1179648K
  class space    used 18288K, committed 19392K, reserved 1048576K
}
Event: 21.705 GC heap after
{Heap after GC invocations=45 (full 0):
 garbage-first heap   total 344064K, used 188435K [0x0000000080000000, 0x0000000100000000)
  region size 1024K, 2 young (2048K), 2 survivors (2048K)
 Metaspace       used 138482K, committed 140800K, reserved 1179648K
  class space    used 18288K, committed 19392K, reserved 1048576K
}
Event: 23.193 GC heap before
{Heap before GC invocations=46 (full 0):
 garbage-first heap   total 344064K, used 306195K [0x0000000080000000, 0x0000000100000000)
  region size 1024K, 110 young (112640K), 2 survivors (2048K)
 Metaspace       used 147964K, committed 150400K, reserved 1179648K
  class space    used 19516K, committed 20672K, reserved 1048576K
}
Event: 23.201 GC heap after
{Heap after GC invocations=47 (full 0):
 garbage-first heap   total 344064K, used 207432K [0x0000000080000000, 0x0000000100000000)
  region size 1024K, 14 young (14336K), 14 survivors (14336K)
 Metaspace       used 147964K, committed 150400K, reserved 1179648K
  class space    used 19516K, committed 20672K, reserved 1048576K
}
Event: 24.474 GC heap before
{Heap before GC invocations=47 (full 0):
 garbage-first heap   total 344064K, used 310856K [0x0000000080000000, 0x0000000100000000)
  region size 1024K, 111 young (113664K), 14 survivors (14336K)
 Metaspace       used 156238K, committed 158656K, reserved 1245184K
  class space    used 20631K, committed 21824K, reserved 1048576K
}
Event: 24.488 GC heap after
{Heap after GC invocations=48 (full 0):
 garbage-first heap   total 344064K, used 207636K [0x0000000080000000, 0x0000000100000000)
  region size 1024K, 6 young (6144K), 6 survivors (6144K)
 Metaspace       used 156238K, committed 158656K, reserved 1245184K
  class space    used 20631K, committed 21824K, reserved 1048576K
}
Event: 25.478 GC heap before
{Heap before GC invocations=48 (full 0):
 garbage-first heap   total 344064K, used 305940K [0x0000000080000000, 0x0000000100000000)
  region size 1024K, 103 young (105472K), 6 survivors (6144K)
 Metaspace       used 159613K, committed 162112K, reserved 1245184K
  class space    used 21109K, committed 22336K, reserved 1048576K
}
Event: 25.489 GC heap after
{Heap after GC invocations=49 (full 0):
 garbage-first heap   total 344064K, used 217831K [0x0000000080000000, 0x0000000100000000)
  region size 1024K, 14 young (14336K), 14 survivors (14336K)
 Metaspace       used 159613K, committed 162112K, reserved 1245184K
  class space    used 21109K, committed 22336K, reserved 1048576K
}

