# JRE version: OpenJDK Runtime Environment (21.0.8) (build 21.0.8+-14018985-b1038.68)
# Java VM: OpenJDK 64-Bit Server VM (21.0.8+-14018985-b1038.68, mixed mode, tiered, compressed oops, compressed class ptrs, g1 gc, windows-amd64)
GC Precious Log:
 CardTable entry size: 512
 Card Set container configuration: InlinePtr #cards 5 size 8 Array Of Cards #cards 12 size 40 Howl #buckets 4 coarsen threshold 1843 Howl Bitmap #cards 512 size 80 coarsen threshold 460 Card regions per heap region 1 cards per card region 2048
 CPUs: 8 total, 8 available
 Memory: 7934M
 Large Page Support: Disabled
 NUMA Support: Disabled
 Compressed Oops: Enabled (32-bit)
 Heap Region Size: 1M
 Heap Min Capacity: 8M
 Heap Initial Capacity: 124M
 Heap Max Capacity: 2G
 Pre-touch: Disabled
 Parallel Workers: 8
 Concurrent Workers: 2
 Concurrent Refinement Workers: 8
 Periodic GC: Disabled
Heap:
 garbage-first heap   total 240640K, used 174268K [0x0000000080000000, 0x0000000100000000)
  region size 1024K, 9 young (9216K), 3 survivors (3072K)
 Metaspace       used 109957K, committed 112192K, reserved 1179648K
  class space    used 15279K, committed 16384K, reserved 1048576K
GC Heap History (20 events):
Event: 12.861 GC heap before
{Heap before GC invocations=23 (full 0):
 garbage-first heap   total 160768K, used 142663K [0x0000000080000000, 0x0000000100000000)
  region size 1024K, 49 young (50176K), 7 survivors (7168K)
 Metaspace       used 74559K, committed 76416K, reserved 1114112K
  class space    used 10554K, committed 11456K, reserved 1048576K
}
Event: 12.870 GC heap after
{Heap after GC invocations=24 (full 0):
 garbage-first heap   total 160768K, used 104630K [0x0000000080000000, 0x0000000100000000)
  region size 1024K, 7 young (7168K), 7 survivors (7168K)
 Metaspace       used 74559K, committed 76416K, reserved 1114112K
  class space    used 10554K, committed 11456K, reserved 1048576K
}
Event: 13.116 GC heap before
{Heap before GC invocations=25 (full 0):
 garbage-first heap   total 176128K, used 141494K [0x0000000080000000, 0x0000000100000000)
  region size 1024K, 44 young (45056K), 7 survivors (7168K)
 Metaspace       used 74785K, committed 76672K, reserved 1114112K
  class space    used 10554K, committed 11456K, reserved 1048576K
}
Event: 13.124 GC heap after
{Heap after GC invocations=26 (full 0):
 garbage-first heap   total 176128K, used 107346K [0x0000000080000000, 0x0000000100000000)
  region size 1024K, 4 young (4096K), 4 survivors (4096K)
 Metaspace       used 74785K, committed 76672K, reserved 1114112K
  class space    used 10554K, committed 11456K, reserved 1048576K
}
Event: 13.329 GC heap before
{Heap before GC invocations=26 (full 0):
 garbage-first heap   total 176128K, used 160594K [0x0000000080000000, 0x0000000100000000)
  region size 1024K, 57 young (58368K), 4 survivors (4096K)
 Metaspace       used 74848K, committed 76736K, reserved 1114112K
  class space    used 10554K, committed 11456K, reserved 1048576K
}
Event: 13.334 GC heap after
{Heap after GC invocations=27 (full 0):
 garbage-first heap   total 176128K, used 107679K [0x0000000080000000, 0x0000000100000000)
  region size 1024K, 5 young (5120K), 5 survivors (5120K)
 Metaspace       used 74848K, committed 76736K, reserved 1114112K
  class space    used 10554K, committed 11456K, reserved 1048576K
}
Event: 13.771 GC heap before
{Heap before GC invocations=27 (full 0):
 garbage-first heap   total 176128K, used 159903K [0x0000000080000000, 0x0000000100000000)
  region size 1024K, 56 young (57344K), 5 survivors (5120K)
 Metaspace       used 80541K, committed 82304K, reserved 1179648K
  class space    used 11745K, committed 12608K, reserved 1048576K
}
Event: 13.781 GC heap after
{Heap after GC invocations=28 (full 0):
 garbage-first heap   total 211968K, used 109411K [0x0000000080000000, 0x0000000100000000)
  region size 1024K, 6 young (6144K), 6 survivors (6144K)
 Metaspace       used 80541K, committed 82304K, reserved 1179648K
  class space    used 11745K, committed 12608K, reserved 1048576K
}
Event: 14.705 GC heap before
{Heap before GC invocations=29 (full 0):
 garbage-first heap   total 211968K, used 198499K [0x0000000080000000, 0x0000000100000000)
  region size 1024K, 87 young (89088K), 6 survivors (6144K)
 Metaspace       used 91848K, committed 93760K, reserved 1179648K
  class space    used 13169K, committed 14080K, reserved 1048576K
}
Event: 14.715 GC heap after
{Heap after GC invocations=30 (full 0):
 garbage-first heap   total 211968K, used 120746K [0x0000000080000000, 0x0000000100000000)
  region size 1024K, 10 young (10240K), 10 survivors (10240K)
 Metaspace       used 91848K, committed 93760K, reserved 1179648K
  class space    used 13169K, committed 14080K, reserved 1048576K
}
Event: 15.060 GC heap before
{Heap before GC invocations=30 (full 0):
 garbage-first heap   total 211968K, used 197546K [0x0000000080000000, 0x0000000100000000)
  region size 1024K, 77 young (78848K), 10 survivors (10240K)
 Metaspace       used 91975K, committed 93952K, reserved 1179648K
  class space    used 13175K, committed 14080K, reserved 1048576K
}
Event: 15.093 GC heap after
{Heap after GC invocations=31 (full 0):
 garbage-first heap   total 232448K, used 140508K [0x0000000080000000, 0x0000000100000000)
  region size 1024K, 10 young (10240K), 10 survivors (10240K)
 Metaspace       used 91975K, committed 93952K, reserved 1179648K
  class space    used 13175K, committed 14080K, reserved 1048576K
}
Event: 15.095 GC heap before
{Heap before GC invocations=31 (full 0):
 garbage-first heap   total 232448K, used 140508K [0x0000000080000000, 0x0000000100000000)
  region size 1024K, 11 young (11264K), 10 survivors (10240K)
 Metaspace       used 91975K, committed 93952K, reserved 1179648K
  class space    used 13175K, committed 14080K, reserved 1048576K
}
Event: 15.106 GC heap after
{Heap after GC invocations=32 (full 0):
 garbage-first heap   total 232448K, used 143562K [0x0000000080000000, 0x0000000100000000)
  region size 1024K, 2 young (2048K), 2 survivors (2048K)
 Metaspace       used 91975K, committed 93952K, reserved 1179648K
  class space    used 13175K, committed 14080K, reserved 1048576K
}
Event: 15.649 GC heap before
{Heap before GC invocations=33 (full 0):
 garbage-first heap   total 240640K, used 215242K [0x0000000080000000, 0x0000000100000000)
  region size 1024K, 62 young (63488K), 2 survivors (2048K)
 Metaspace       used 96149K, committed 98048K, reserved 1179648K
  class space    used 13681K, committed 14592K, reserved 1048576K
}
Event: 15.658 GC heap after
{Heap after GC invocations=34 (full 0):
 garbage-first heap   total 240640K, used 155176K [0x0000000080000000, 0x0000000100000000)
  region size 1024K, 8 young (8192K), 8 survivors (8192K)
 Metaspace       used 96149K, committed 98048K, reserved 1179648K
  class space    used 13681K, committed 14592K, reserved 1048576K
}
Event: 16.219 GC heap before
{Heap before GC invocations=34 (full 0):
 garbage-first heap   total 240640K, used 220712K [0x0000000080000000, 0x0000000100000000)
  region size 1024K, 66 young (67584K), 8 survivors (8192K)
 Metaspace       used 102570K, committed 104640K, reserved 1179648K
  class space    used 14298K, committed 15296K, reserved 1048576K
}
Event: 16.232 GC heap after
{Heap after GC invocations=35 (full 0):
 garbage-first heap   total 240640K, used 166398K [0x0000000080000000, 0x0000000100000000)
  region size 1024K, 6 young (6144K), 6 survivors (6144K)
 Metaspace       used 102570K, committed 104640K, reserved 1179648K
  class space    used 14298K, committed 15296K, reserved 1048576K
}
Event: 16.835 GC heap before
{Heap before GC invocations=35 (full 0):
 garbage-first heap   total 240640K, used 219646K [0x0000000080000000, 0x0000000100000000)
  region size 1024K, 58 young (59392K), 6 survivors (6144K)
 Metaspace       used 109082K, committed 111296K, reserved 1179648K
  class space    used 15191K, committed 16256K, reserved 1048576K
}
Event: 16.844 GC heap after
{Heap after GC invocations=36 (full 0):
 garbage-first heap   total 240640K, used 169148K [0x0000000080000000, 0x0000000100000000)
  region size 1024K, 3 young (3072K), 3 survivors (3072K)
 Metaspace       used 109082K, committed 111296K, reserved 1179648K
  class space    used 15191K, committed 16256K, reserved 1048576K
}

