# JRE version: OpenJDK Runtime Environment (21.0.8) (build 21.0.8+-14018985-b1038.68)
# Java VM: OpenJDK 64-Bit Server VM (21.0.8+-14018985-b1038.68, mixed mode, tiered, compressed oops, compressed class ptrs, g1 gc, windows-amd64)
GC Precious Log:
 CardTable entry size: 512
 Card Set container configuration: InlinePtr #cards 5 size 8 Array Of Cards #cards 12 size 40 Howl #buckets 4 coarsen threshold 1843 Howl Bitmap #cards 512 size 80 coarsen threshold 460 Card regions per heap region 1 cards per card region 2048
 CPUs: 8 total, 8 available
 Memory: 7934M
 Large Page Support: Disabled
 NUMA Support: Disabled
 Compressed Oops: Enabled (32-bit)
 Heap Region Size: 1M
 Heap Min Capacity: 8M
 Heap Initial Capacity: 124M
 Heap Max Capacity: 2G
 Pre-touch: Disabled
 Parallel Workers: 8
 Concurrent Workers: 2
 Concurrent Refinement Workers: 8
 Periodic GC: Disabled
Heap:
 garbage-first heap   total 283648K, used 245450K [0x0000000080000000, 0x0000000100000000)
  region size 1024K, 80 young (81920K), 6 survivors (6144K)
 Metaspace       used 127037K, committed 129280K, reserved 1179648K
  class space    used 17314K, committed 18432K, reserved 1048576K
GC Heap History (20 events):
Event: 8.699 GC heap before
{Heap before GC invocations=25 (full 0):
 garbage-first heap   total 193536K, used 174784K [0x0000000080000000, 0x0000000100000000)
  region size 1024K, 72 young (73728K), 5 survivors (5120K)
 Metaspace       used 80121K, committed 81856K, reserved 1179648K
  class space    used 11669K, committed 12544K, reserved 1048576K
}
Event: 8.704 GC heap after
{Heap after GC invocations=26 (full 0):
 garbage-first heap   total 193536K, used 108635K [0x0000000080000000, 0x0000000100000000)
  region size 1024K, 7 young (7168K), 7 survivors (7168K)
 Metaspace       used 80121K, committed 81856K, reserved 1179648K
  class space    used 11669K, committed 12544K, reserved 1048576K
}
Event: 9.290 GC heap before
{Heap before GC invocations=26 (full 0):
 garbage-first heap   total 193536K, used 175195K [0x0000000080000000, 0x0000000100000000)
  region size 1024K, 72 young (73728K), 7 survivors (7168K)
 Metaspace       used 89885K, committed 91712K, reserved 1179648K
  class space    used 12919K, committed 13824K, reserved 1048576K
}
Event: 9.296 GC heap after
{Heap after GC invocations=27 (full 0):
 garbage-first heap   total 193536K, used 109466K [0x0000000080000000, 0x0000000100000000)
  region size 1024K, 7 young (7168K), 7 survivors (7168K)
 Metaspace       used 89885K, committed 91712K, reserved 1179648K
  class space    used 12919K, committed 13824K, reserved 1048576K
}
Event: 9.387 GC heap before
{Heap before GC invocations=27 (full 0):
 garbage-first heap   total 193536K, used 120730K [0x0000000080000000, 0x0000000100000000)
  region size 1024K, 19 young (19456K), 7 survivors (7168K)
 Metaspace       used 91508K, committed 93376K, reserved 1179648K
  class space    used 13125K, committed 14080K, reserved 1048576K
}
Event: 9.391 GC heap after
{Heap after GC invocations=28 (full 0):
 garbage-first heap   total 193536K, used 109928K [0x0000000080000000, 0x0000000100000000)
  region size 1024K, 3 young (3072K), 3 survivors (3072K)
 Metaspace       used 91508K, committed 93376K, reserved 1179648K
  class space    used 13125K, committed 14080K, reserved 1048576K
}
Event: 9.671 GC heap before
{Heap before GC invocations=29 (full 0):
 garbage-first heap   total 196608K, used 193896K [0x0000000080000000, 0x0000000100000000)
  region size 1024K, 70 young (71680K), 3 survivors (3072K)
 Metaspace       used 91914K, committed 93888K, reserved 1179648K
  class space    used 13138K, committed 14080K, reserved 1048576K
}
Event: 9.693 GC heap after
{Heap after GC invocations=30 (full 0):
 garbage-first heap   total 219136K, used 137781K [0x0000000080000000, 0x0000000100000000)
  region size 1024K, 9 young (9216K), 9 survivors (9216K)
 Metaspace       used 91914K, committed 93888K, reserved 1179648K
  class space    used 13138K, committed 14080K, reserved 1048576K
}
Event: 10.037 GC heap before
{Heap before GC invocations=30 (full 0):
 garbage-first heap   total 219136K, used 195125K [0x0000000080000000, 0x0000000100000000)
  region size 1024K, 63 young (64512K), 9 survivors (9216K)
 Metaspace       used 94830K, committed 96704K, reserved 1179648K
  class space    used 13520K, committed 14464K, reserved 1048576K
}
Event: 10.053 GC heap after
{Heap after GC invocations=31 (full 0):
 garbage-first heap   total 219136K, used 141312K [0x0000000080000000, 0x0000000100000000)
  region size 1024K, 8 young (8192K), 8 survivors (8192K)
 Metaspace       used 94830K, committed 96704K, reserved 1179648K
  class space    used 13520K, committed 14464K, reserved 1048576K
}
Event: 10.157 GC heap before
{Heap before GC invocations=31 (full 0):
 garbage-first heap   total 219136K, used 149504K [0x0000000080000000, 0x0000000100000000)
  region size 1024K, 17 young (17408K), 8 survivors (8192K)
 Metaspace       used 95866K, committed 97728K, reserved 1179648K
  class space    used 13633K, committed 14528K, reserved 1048576K
}
Event: 10.163 GC heap after
{Heap after GC invocations=32 (full 0):
 garbage-first heap   total 219136K, used 143235K [0x0000000080000000, 0x0000000100000000)
  region size 1024K, 2 young (2048K), 2 survivors (2048K)
 Metaspace       used 95866K, committed 97728K, reserved 1179648K
  class space    used 13633K, committed 14528K, reserved 1048576K
}
Event: 10.728 GC heap before
{Heap before GC invocations=33 (full 0):
 garbage-first heap   total 258048K, used 210819K [0x0000000080000000, 0x0000000100000000)
  region size 1024K, 54 young (55296K), 2 survivors (2048K)
 Metaspace       used 100996K, committed 102848K, reserved 1179648K
  class space    used 14097K, committed 15040K, reserved 1048576K
}
Event: 10.732 GC heap after
{Heap after GC invocations=34 (full 0):
 garbage-first heap   total 258048K, used 163321K [0x0000000080000000, 0x0000000100000000)
  region size 1024K, 7 young (7168K), 7 survivors (7168K)
 Metaspace       used 100996K, committed 102848K, reserved 1179648K
  class space    used 14097K, committed 15040K, reserved 1048576K
}
Event: 11.408 GC heap before
{Heap before GC invocations=34 (full 0):
 garbage-first heap   total 258048K, used 231929K [0x0000000080000000, 0x0000000100000000)
  region size 1024K, 74 young (75776K), 7 survivors (7168K)
 Metaspace       used 109764K, committed 111936K, reserved 1179648K
  class space    used 15246K, committed 16320K, reserved 1048576K
}
Event: 11.416 GC heap after
{Heap after GC invocations=35 (full 0):
 garbage-first heap   total 258048K, used 165404K [0x0000000080000000, 0x0000000100000000)
  region size 1024K, 4 young (4096K), 4 survivors (4096K)
 Metaspace       used 109764K, committed 111936K, reserved 1179648K
  class space    used 15246K, committed 16320K, reserved 1048576K
}
Event: 11.950 GC heap before
{Heap before GC invocations=35 (full 0):
 garbage-first heap   total 258048K, used 199196K [0x0000000080000000, 0x0000000100000000)
  region size 1024K, 38 young (38912K), 4 survivors (4096K)
 Metaspace       used 114097K, committed 116288K, reserved 1179648K
  class space    used 15823K, committed 16896K, reserved 1048576K
}
Event: 11.956 GC heap after
{Heap after GC invocations=36 (full 0):
 garbage-first heap   total 258048K, used 167547K [0x0000000080000000, 0x0000000100000000)
  region size 1024K, 7 young (7168K), 7 survivors (7168K)
 Metaspace       used 114097K, committed 116288K, reserved 1179648K
  class space    used 15823K, committed 16896K, reserved 1048576K
}
Event: 12.777 GC heap before
{Heap before GC invocations=37 (full 0):
 garbage-first heap   total 283648K, used 235131K [0x0000000080000000, 0x0000000100000000)
  region size 1024K, 72 young (73728K), 7 survivors (7168K)
 Metaspace       used 117464K, committed 119616K, reserved 1179648K
  class space    used 16237K, committed 17280K, reserved 1048576K
}
Event: 12.786 GC heap after
{Heap after GC invocations=38 (full 0):
 garbage-first heap   total 283648K, used 170698K [0x0000000080000000, 0x0000000100000000)
  region size 1024K, 6 young (6144K), 6 survivors (6144K)
 Metaspace       used 117464K, committed 119616K, reserved 1179648K
  class space    used 16237K, committed 17280K, reserved 1048576K
}

