# JRE version: OpenJDK Runtime Environment (21.0.8) (build 21.0.8+-14018985-b1038.68)
# Java VM: OpenJDK 64-Bit Server VM (21.0.8+-14018985-b1038.68, mixed mode, tiered, compressed oops, compressed class ptrs, g1 gc, windows-amd64)
GC Precious Log:
 CardTable entry size: 512
 Card Set container configuration: InlinePtr #cards 5 size 8 Array Of Cards #cards 12 size 40 Howl #buckets 4 coarsen threshold 1843 Howl Bitmap #cards 512 size 80 coarsen threshold 460 Card regions per heap region 1 cards per card region 2048
 CPUs: 8 total, 8 available
 Memory: 7934M
 Large Page Support: Disabled
 NUMA Support: Disabled
 Compressed Oops: Enabled (32-bit)
 Heap Region Size: 1M
 Heap Min Capacity: 8M
 Heap Initial Capacity: 124M
 Heap Max Capacity: 2G
 Pre-touch: Disabled
 Parallel Workers: 8
 Concurrent Workers: 2
 Concurrent Refinement Workers: 8
 Periodic GC: Disabled
Heap:
 garbage-first heap   total 252928K, used 174080K [0x0000000080000000, 0x0000000100000000)
  region size 1024K, 12 young (12288K), 7 survivors (7168K)
 Metaspace       used 112852K, committed 115072K, reserved 1179648K
  class space    used 15666K, committed 16768K, reserved 1048576K
GC Heap History (20 events):
Event: 7.860 GC heap before
{Heap before GC invocations=20 (full 0):
 garbage-first heap   total 176128K, used 159743K [0x0000000080000000, 0x0000000100000000)
  region size 1024K, 66 young (67584K), 4 survivors (4096K)
 Metaspace       used 74423K, committed 76224K, reserved 1179648K
  class space    used 10541K, committed 11392K, reserved 1048576K
}
Event: 7.869 GC heap after
{Heap after GC invocations=21 (full 0):
 garbage-first heap   total 176128K, used 103774K [0x0000000080000000, 0x0000000100000000)
  region size 1024K, 9 young (9216K), 9 survivors (9216K)
 Metaspace       used 74423K, committed 76224K, reserved 1179648K
  class space    used 10541K, committed 11392K, reserved 1048576K
}
Event: 8.071 GC heap before
{Heap before GC invocations=21 (full 0):
 garbage-first heap   total 176128K, used 154974K [0x0000000080000000, 0x0000000100000000)
  region size 1024K, 60 young (61440K), 9 survivors (9216K)
 Metaspace       used 74756K, committed 76544K, reserved 1179648K
  class space    used 10541K, committed 11392K, reserved 1048576K
}
Event: 8.081 GC heap after
{Heap after GC invocations=22 (full 0):
 garbage-first heap   total 176128K, used 106290K [0x0000000080000000, 0x0000000100000000)
  region size 1024K, 5 young (5120K), 5 survivors (5120K)
 Metaspace       used 74756K, committed 76544K, reserved 1179648K
  class space    used 10541K, committed 11392K, reserved 1048576K
}
Event: 8.295 GC heap before
{Heap before GC invocations=23 (full 0):
 garbage-first heap   total 179200K, used 158514K [0x0000000080000000, 0x0000000100000000)
  region size 1024K, 57 young (58368K), 5 survivors (5120K)
 Metaspace       used 74821K, committed 76608K, reserved 1179648K
  class space    used 10541K, committed 11392K, reserved 1048576K
}
Event: 8.300 GC heap after
{Heap after GC invocations=24 (full 0):
 garbage-first heap   total 179200K, used 107237K [0x0000000080000000, 0x0000000100000000)
  region size 1024K, 6 young (6144K), 6 survivors (6144K)
 Metaspace       used 74821K, committed 76608K, reserved 1179648K
  class space    used 10541K, committed 11392K, reserved 1048576K
}
Event: 8.713 GC heap before
{Heap before GC invocations=24 (full 0):
 garbage-first heap   total 179200K, used 161509K [0x0000000080000000, 0x0000000100000000)
  region size 1024K, 59 young (60416K), 6 survivors (6144K)
 Metaspace       used 80313K, committed 82112K, reserved 1179648K
  class space    used 11700K, committed 12544K, reserved 1048576K
}
Event: 8.721 GC heap after
{Heap after GC invocations=25 (full 0):
 garbage-first heap   total 179200K, used 107953K [0x0000000080000000, 0x0000000100000000)
  region size 1024K, 6 young (6144K), 6 survivors (6144K)
 Metaspace       used 80313K, committed 82112K, reserved 1179648K
  class space    used 11700K, committed 12544K, reserved 1048576K
}
Event: 9.198 GC heap before
{Heap before GC invocations=25 (full 0):
 garbage-first heap   total 179200K, used 162225K [0x0000000080000000, 0x0000000100000000)
  region size 1024K, 59 young (60416K), 6 survivors (6144K)
 Metaspace       used 88692K, committed 90560K, reserved 1179648K
  class space    used 12786K, committed 13696K, reserved 1048576K
}
Event: 9.206 GC heap after
{Heap after GC invocations=26 (full 0):
 garbage-first heap   total 179200K, used 109594K [0x0000000080000000, 0x0000000100000000)
  region size 1024K, 6 young (6144K), 6 survivors (6144K)
 Metaspace       used 88692K, committed 90560K, reserved 1179648K
  class space    used 12786K, committed 13696K, reserved 1048576K
}
Event: 9.638 GC heap before
{Heap before GC invocations=27 (full 0):
 garbage-first heap   total 184320K, used 170010K [0x0000000080000000, 0x0000000100000000)
  region size 1024K, 58 young (59392K), 6 survivors (6144K)
 Metaspace       used 91806K, committed 93760K, reserved 1179648K
  class space    used 13152K, committed 14080K, reserved 1048576K
}
Event: 9.656 GC heap after
{Heap after GC invocations=28 (full 0):
 garbage-first heap   total 187392K, used 128000K [0x0000000080000000, 0x0000000100000000)
  region size 1024K, 8 young (8192K), 8 survivors (8192K)
 Metaspace       used 91806K, committed 93760K, reserved 1179648K
  class space    used 13152K, committed 14080K, reserved 1048576K
}
Event: 9.825 GC heap before
{Heap before GC invocations=28 (full 0):
 garbage-first heap   total 187392K, used 177152K [0x0000000080000000, 0x0000000100000000)
  region size 1024K, 48 young (49152K), 8 survivors (8192K)
 Metaspace       used 91831K, committed 93760K, reserved 1179648K
  class space    used 13154K, committed 14080K, reserved 1048576K
}
Event: 9.846 GC heap after
{Heap after GC invocations=29 (full 0):
 garbage-first heap   total 247808K, used 139768K [0x0000000080000000, 0x0000000100000000)
  region size 1024K, 6 young (6144K), 6 survivors (6144K)
 Metaspace       used 91831K, committed 93760K, reserved 1179648K
  class space    used 13154K, committed 14080K, reserved 1048576K
}
Event: 10.396 GC heap before
{Heap before GC invocations=29 (full 0):
 garbage-first heap   total 247808K, used 233976K [0x0000000080000000, 0x0000000100000000)
  region size 1024K, 81 young (82944K), 6 survivors (6144K)
 Metaspace       used 96605K, committed 98560K, reserved 1179648K
  class space    used 13709K, committed 14656K, reserved 1048576K
}
Event: 10.417 GC heap after
{Heap after GC invocations=30 (full 0):
 garbage-first heap   total 252928K, used 162816K [0x0000000080000000, 0x0000000100000000)
  region size 1024K, 11 young (11264K), 11 survivors (11264K)
 Metaspace       used 96605K, committed 98560K, reserved 1179648K
  class space    used 13709K, committed 14656K, reserved 1048576K
}
Event: 10.927 GC heap before
{Heap before GC invocations=30 (full 0):
 garbage-first heap   total 252928K, used 224256K [0x0000000080000000, 0x0000000100000000)
  region size 1024K, 71 young (72704K), 11 survivors (11264K)
 Metaspace       used 103816K, committed 105920K, reserved 1179648K
  class space    used 14486K, committed 15552K, reserved 1048576K
}
Event: 10.938 GC heap after
{Heap after GC invocations=31 (full 0):
 garbage-first heap   total 252928K, used 168357K [0x0000000080000000, 0x0000000100000000)
  region size 1024K, 5 young (5120K), 5 survivors (5120K)
 Metaspace       used 103816K, committed 105920K, reserved 1179648K
  class space    used 14486K, committed 15552K, reserved 1048576K
}
Event: 11.574 GC heap before
{Heap before GC invocations=31 (full 0):
 garbage-first heap   total 252928K, used 228773K [0x0000000080000000, 0x0000000100000000)
  region size 1024K, 64 young (65536K), 5 survivors (5120K)
 Metaspace       used 111949K, committed 114176K, reserved 1179648K
  class space    used 15527K, committed 16640K, reserved 1048576K
}
Event: 11.584 GC heap after
{Heap after GC invocations=32 (full 0):
 garbage-first heap   total 252928K, used 171008K [0x0000000080000000, 0x0000000100000000)
  region size 1024K, 7 young (7168K), 7 survivors (7168K)
 Metaspace       used 111949K, committed 114176K, reserved 1179648K
  class space    used 15527K, committed 16640K, reserved 1048576K
}

